<?xml version="1.0" encoding="UTF-8" ?>
<testsuites>
<testsuite name="Validate Registration and Login functionality" errors="0" tests="3" failures="0" time="0.109" timestamp="2022-11-13T23:19:00">
  <testcase classname="Validate Registration and Login functionality" name="register new user" time="0.014"></testcase>
  <testcase classname="Validate Registration and Login functionality" name="login user" time="0.078"></testcase>
  <testcase classname="Validate Registration and Login functionality" name="logout user" time="0.015"></testcase>
</testsuite>
</testsuites>